{"meta": {"format": 3, "version": "7.13.4", "timestamp": "2026-02-25T19:17:30.599920", "branch_coverage": false, "show_contexts": false}, "files": {"pipeline/__init__.py": {"executed_lines": [], "summary": {"covered_lines": 0, "num_statements": 0, "percent_covered": 100.0, "percent_covered_display": "100", "missing_lines": 0, "excluded_lines": 0, "percent_statements_covered": 100.0, "percent_statements_covered_display": "100"}, "missing_lines": [], "excluded_lines": [], "functions": {"": {"executed_lines": [], "summary": {"covered_lines": 0, "num_statements": 0, "percent_covered": 100.0, "percent_covered_display": "100", "missing_lines": 0, "excluded_lines": 0, "percent_statements_covered": 100.0, "percent_statements_covered_display": "100"}, "missing_lines": [], "excluded_lines": [], "start_line": 1}}, "classes": {"": {"executed_lines": [], "summary": {"covered_lines": 0, "num_statements": 0, "percent_covered": 100.0, "percent_covered_display": "100", "missing_lines": 0, "excluded_lines": 0, "percent_statements_covered": 100.0, "percent_statements_covered_display": "100"}, "missing_lines": [], "excluded_lines": [], "start_line": 1}}}, "pipeline/config.py": {"executed_lines": [6, 7, 10, 13, 14, 15, 22, 29, 34, 35, 46, 47, 127, 167, 206, 231, 232, 233, 234, 237, 238, 241, 242], "summary": {"covered_lines": 23, "num_statements": 23, "percent_covered": 100.0, "percent_covered_display": "100", "missing_lines": 0, "excluded_lines": 0, "percent_statements_covered": 100.0, "percent_statements_covered_display": "100"}, "missing_lines": [], "excluded_lines": [], "functions": {"": {"executed_lines": [6, 7, 10, 13, 14, 15, 22, 29, 34, 35, 46, 47, 127, 167, 206, 231, 232, 233, 234, 237, 238, 241, 242], "summary": {"covered_lines": 23, "num_statements": 23, "percent_covered": 100.0, "percent_covered_display": "100", "missing_lines": 0, "excluded_lines": 0, "percent_statements_covered": 100.0, "percent_statements_covered_display": "100"}, "missing_lines": [], "excluded_lines": [], "start_line": 1}}, "classes": {"": {"executed_lines": [6, 7, 10, 13, 14, 15, 22, 29, 34, 35, 46, 47, 127, 167, 206, 231, 232, 233, 234, 237, 238, 241, 242], "summary": {"covered_lines": 23, "num_statements": 23, "percent_covered": 100.0, "percent_covered_display": "100", "missing_lines": 0, "excluded_lines": 0, "percent_statements_covered": 100.0, "percent_statements_covered_display": "100"}, "missing_lines": [], "excluded_lines": [], "start_line": 1}}}, "pipeline/ingest/__init__.py": {"executed_lines": [], "summary": {"covered_lines": 0, "num_statements": 0, "percent_covered": 100.0, "percent_covered_display": "100", "missing_lines": 0, "excluded_lines": 0, "percent_statements_covered": 100.0, "percent_statements_covered_display": "100"}, "missing_lines": [], "excluded_lines": [], "functions": {"": {"executed_lines": [], "summary": {"covered_lines": 0, "num_statements": 0, "percent_covered": 100.0, "percent_covered_display": "100", "missing_lines": 0, "excluded_lines": 0, "percent_statements_covered": 100.0, "percent_statements_covered_display": "100"}, "missing_lines": [], "excluded_lines": [], "start_line": 1}}, "classes": {"": {"executed_lines": [], "summary": {"covered_lines": 0, "num_statements": 0, "percent_covered": 100.0, "percent_covered_display": "100", "missing_lines": 0, "excluded_lines": 0, "percent_statements_covered": 100.0, "percent_statements_covered_display": "100"}, "missing_lines": [], "excluded_lines": [], "start_line": 1}}}, "pipeline/ingest/abs_data.py": {"executed_lines": [6, 7, 9, 10, 12, 13, 19, 20, 22, 25, 144, 182, 193, 204, 215, 226, 239, 251, 277, 328], "summary": {"covered_lines": 20, "num_statements": 117, "percent_covered": 17.094017094017094, "percent_covered_display": "17", "missing_lines": 97, "excluded_lines": 0, "percent_statements_covered": 17.094017094017094, "percent_statements_covered_display": "17"}, "missing_lines": [46, 48, 51, 52, 57, 60, 62, 63, 69, 70, 72, 73, 79, 80, 81, 82, 87, 88, 91, 92, 95, 96, 98, 99, 100, 103, 111, 114, 120, 123, 124, 127, 130, 133, 134, 137, 139, 141, 158, 160, 162, 163, 169, 170, 173, 174, 177, 184, 185, 195, 196, 206, 207, 217, 218, 228, 229, 230, 241, 242, 287, 288, 290, 292, 293, 298, 299, 300, 301, 302, 305, 306, 307, 308, 309, 310, 311, 312, 313, 314, 315, 316, 317, 318, 319, 320, 321, 322, 323, 325, 329, 332, 334, 336, 337, 338, 339], "excluded_lines": [], "functions": {"fetch_abs_series": {"executed_lines": [], "summary": {"covered_lines": 0, "num_statements": 38, "percent_covered": 0.0, "percent_covered_display": "0", "missing_lines": 38, "excluded_lines": 0, "percent_statements_covered": 0.0, "percent_statements_covered_display": "0"}, "missing_lines": [46, 48, 51, 52, 57, 60, 62, 63, 69, 70, 72, 73, 79, 80, 81, 82, 87, 88, 91, 92, 95, 96, 98, 99, 100, 103, 111, 114, 120, 123, 124, 127, 130, 133, 134, 137, 139, 141], "excluded_lines": [], "start_line": 25}, "_parse_abs_date": {"executed_lines": [], "summary": {"covered_lines": 0, "num_statements": 9, "percent_covered": 0.0, "percent_covered_display": "0", "missing_lines": 9, "excluded_lines": 0, "percent_statements_covered": 0.0, "percent_statements_covered_display": "0"}, "missing_lines": [158, 160, 162, 163, 169, 170, 173, 174, 177], "excluded_lines": [], "start_line": 144}, "fetch_cpi": {"executed_lines": [], "summary": {"covered_lines": 0, "num_statements": 2, "percent_covered": 0.0, "percent_covered_display": "0", "missing_lines": 2, "excluded_lines": 0, "percent_statements_covered": 0.0, "percent_statements_covered_display": "0"}, "missing_lines": [184, 185], "excluded_lines": [], "start_line": 182}, "fetch_employment": {"executed_lines": [], "summary": {"covered_lines": 0, "num_statements": 2, "percent_covered": 0.0, "percent_covered_display": "0", "missing_lines": 2, "excluded_lines": 0, "percent_statements_covered": 0.0, "percent_statements_covered_display": "0"}, "missing_lines": [195, 196], "excluded_lines": [], "start_line": 193}, "fetch_household_spending": {"executed_lines": [], "summary": {"covered_lines": 0, "num_statements": 2, "percent_covered": 0.0, "percent_covered_display": "0", "missing_lines": 2, "excluded_lines": 0, "percent_statements_covered": 0.0, "percent_statements_covered_display": "0"}, "missing_lines": [206, 207], "excluded_lines": [], "start_line": 204}, "fetch_wage_price_index": {"executed_lines": [], "summary": {"covered_lines": 0, "num_statements": 2, "percent_covered": 0.0, "percent_covered_display": "0", "missing_lines": 2, "excluded_lines": 0, "percent_statements_covered": 0.0, "percent_statements_covered_display": "0"}, "missing_lines": [217, 218], "excluded_lines": [], "start_line": 215}, "fetch_building_approvals": {"executed_lines": [], "summary": {"covered_lines": 0, "num_statements": 3, "percent_covered": 0.0, "percent_covered_display": "0", "missing_lines": 3, "excluded_lines": 0, "percent_statements_covered": 0.0, "percent_statements_covered_display": "0"}, "missing_lines": [228, 229, 230], "excluded_lines": [], "start_line": 226}, "fetch_rppi": {"executed_lines": [], "summary": {"covered_lines": 0, "num_statements": 2, "percent_covered": 0.0, "percent_covered_display": "0", "missing_lines": 2, "excluded_lines": 0, "percent_statements_covered": 0.0, "percent_statements_covered_display": "0"}, "missing_lines": [241, 242], "excluded_lines": [], "start_line": 239}, "fetch_and_save": {"executed_lines": [], "summary": {"covered_lines": 0, "num_statements": 30, "percent_covered": 0.0, "percent_covered_display": "0", "missing_lines": 30, "excluded_lines": 0, "percent_statements_covered": 0.0, "percent_statements_covered_display": "0"}, "missing_lines": [287, 288, 290, 292, 293, 298, 299, 300, 301, 302, 305, 306, 307, 308, 309, 310, 311, 312, 313, 314, 315, 316, 317, 318, 319, 320, 321, 322, 323, 325], "excluded_lines": [], "start_line": 277}, "": {"executed_lines": [6, 7, 9, 10, 12, 13, 19, 20, 22, 25, 144, 182, 193, 204, 215, 226, 239, 251, 277, 328], "summary": {"covered_lines": 20, "num_statements": 27, "percent_covered": 74.07407407407408, "percent_covered_display": "74", "missing_lines": 7, "excluded_lines": 0, "percent_statements_covered": 74.07407407407408, "percent_statements_covered_display": "74"}, "missing_lines": [329, 332, 334, 336, 337, 338, 339], "excluded_lines": [], "start_line": 1}}, "classes": {"": {"executed_lines": [6, 7, 9, 10, 12, 13, 19, 20, 22, 25, 144, 182, 193, 204, 215, 226, 239, 251, 277, 328], "summary": {"covered_lines": 20, "num_statements": 117, "percent_covered": 17.094017094017094, "percent_covered_display": "17", "missing_lines": 97, "excluded_lines": 0, "percent_statements_covered": 17.094017094017094, "percent_statements_covered_display": "17"}, "missing_lines": [46, 48, 51, 52, 57, 60, 62, 63, 69, 70, 72, 73, 79, 80, 81, 82, 87, 88, 91, 92, 95, 96, 98, 99, 100, 103, 111, 114, 120, 123, 124, 127, 130, 133, 134, 137, 139, 141, 158, 160, 162, 163, 169, 170, 173, 174, 177, 184, 185, 195, 196, 206, 207, 217, 218, 228, 229, 230, 241, 242, 287, 288, 290, 292, 293, 298, 299, 300, 301, 302, 305, 306, 307, 308, 309, 310, 311, 312, 313, 314, 315, 316, 317, 318, 319, 320, 321, 322, 323, 325, 329, 332, 334, 336, 337, 338, 339], "excluded_lines": [], "start_line": 1}}}, "pipeline/ingest/asx_futures_scraper.py": {"executed_lines": [14, 15, 16, 17, 18, 20, 22, 23, 28, 30, 31, 34, 55, 78, 113, 151, 230, 259, 323], "summary": {"covered_lines": 19, "num_statements": 144, "percent_covered": 13.194444444444445, "percent_covered_display": "13", "missing_lines": 125, "excluded_lines": 0, "percent_statements_covered": 13.194444444444445, "percent_statements_covered_display": "13"}, "missing_lines": [42, 43, 44, 45, 46, 47, 48, 49, 50, 51, 52, 62, 63, 64, 65, 66, 67, 68, 69, 70, 71, 72, 73, 74, 75, 96, 97, 100, 101, 102, 105, 106, 107, 108, 110, 130, 132, 134, 135, 136, 137, 139, 140, 141, 144, 145, 146, 148, 162, 167, 168, 170, 171, 173, 174, 176, 177, 178, 180, 183, 184, 186, 187, 189, 190, 191, 193, 194, 197, 200, 201, 202, 205, 206, 208, 211, 215, 225, 226, 227, 241, 242, 243, 244, 245, 246, 250, 251, 255, 256, 267, 268, 269, 271, 272, 273, 279, 281, 282, 283, 284, 286, 290, 291, 292, 294, 297, 301, 303, 307, 313, 315, 316, 317, 324, 325, 326, 327, 329, 330, 331, 332, 333, 334, 335], "excluded_lines": [], "functions": {"_get_current_cash_rate": {"executed_lines": [], "summary": {"covered_lines": 0, "num_statements": 11, "percent_covered": 0.0, "percent_covered_display": "0", "missing_lines": 11, "excluded_lines": 0, "percent_statements_covered": 0.0, "percent_statements_covered_display": "0"}, "missing_lines": [42, 43, 44, 45, 46, 47, 48, 49, 50, 51, 52], "excluded_lines": [], "start_line": 34}, "_get_rba_meeting_dates": {"executed_lines": [], "summary": {"covered_lines": 0, "num_statements": 14, "percent_covered": 0.0, "percent_covered_display": "0", "missing_lines": 14, "excluded_lines": 0, "percent_statements_covered": 0.0, "percent_statements_covered_display": "0"}, "missing_lines": [62, 63, 64, 65, 66, 67, 68, 69, 70, 71, 72, 73, 74, 75], "excluded_lines": [], "start_line": 55}, "_find_meeting_for_contract": {"executed_lines": [], "summary": {"covered_lines": 0, "num_statements": 10, "percent_covered": 0.0, "percent_covered_display": "0", "missing_lines": 10, "excluded_lines": 0, "percent_statements_covered": 0.0, "percent_statements_covered_display": "0"}, "missing_lines": [96, 97, 100, 101, 102, 105, 106, 107, 108, 110], "excluded_lines": [], "start_line": 78}, "_derive_probabilities": {"executed_lines": [], "summary": {"covered_lines": 0, "num_statements": 13, "percent_covered": 0.0, "percent_covered_display": "0", "missing_lines": 13, "excluded_lines": 0, "percent_statements_covered": 0.0, "percent_statements_covered_display": "0"}, "missing_lines": [130, 132, 134, 135, 136, 137, 139, 140, 141, 144, 145, 146, 148], "excluded_lines": [], "start_line": 113}, "scrape_asx_futures": {"executed_lines": [], "summary": {"covered_lines": 0, "num_statements": 32, "percent_covered": 0.0, "percent_covered_display": "0", "missing_lines": 32, "excluded_lines": 0, "percent_statements_covered": 0.0, "percent_statements_covered_display": "0"}, "missing_lines": [162, 167, 168, 170, 171, 173, 174, 176, 177, 178, 180, 183, 184, 186, 187, 189, 190, 191, 193, 194, 197, 200, 201, 202, 205, 206, 208, 211, 215, 225, 226, 227], "excluded_lines": [], "start_line": 151}, "_check_staleness": {"executed_lines": [], "summary": {"covered_lines": 0, "num_statements": 10, "percent_covered": 0.0, "percent_covered_display": "0", "missing_lines": 10, "excluded_lines": 0, "percent_statements_covered": 0.0, "percent_statements_covered_display": "0"}, "missing_lines": [241, 242, 243, 244, 245, 246, 250, 251, 255, 256], "excluded_lines": [], "start_line": 230}, "fetch_and_save": {"executed_lines": [], "summary": {"covered_lines": 0, "num_statements": 24, "percent_covered": 0.0, "percent_covered_display": "0", "missing_lines": 24, "excluded_lines": 0, "percent_statements_covered": 0.0, "percent_statements_covered_display": "0"}, "missing_lines": [267, 268, 269, 271, 272, 273, 279, 281, 282, 283, 284, 286, 290, 291, 292, 294, 297, 301, 303, 307, 313, 315, 316, 317], "excluded_lines": [], "start_line": 259}, "": {"executed_lines": [14, 15, 16, 17, 18, 20, 22, 23, 28, 30, 31, 34, 55, 78, 113, 151, 230, 259, 323], "summary": {"covered_lines": 19, "num_statements": 30, "percent_covered": 63.333333333333336, "percent_covered_display": "63", "missing_lines": 11, "excluded_lines": 0, "percent_statements_covered": 63.333333333333336, "percent_statements_covered_display": "63"}, "missing_lines": [324, 325, 326, 327, 329, 330, 331, 332, 333, 334, 335], "excluded_lines": [], "start_line": 1}}, "classes": {"": {"executed_lines": [14, 15, 16, 17, 18, 20, 22, 23, 28, 30, 31, 34, 55, 78, 113, 151, 230, 259, 323], "summary": {"covered_lines": 19, "num_statements": 144, "percent_covered": 13.194444444444445, "percent_covered_display": "13", "missing_lines": 125, "excluded_lines": 0, "percent_statements_covered": 13.194444444444445, "percent_statements_covered_display": "13"}, "missing_lines": [42, 43, 44, 45, 46, 47, 48, 49, 50, 51, 52, 62, 63, 64, 65, 66, 67, 68, 69, 70, 71, 72, 73, 74, 75, 96, 97, 100, 101, 102, 105, 106, 107, 108, 110, 130, 132, 134, 135, 136, 137, 139, 140, 141, 144, 145, 146, 148, 162, 167, 168, 170, 171, 173, 174, 176, 177, 178, 180, 183, 184, 186, 187, 189, 190, 191, 193, 194, 197, 200, 201, 202, 205, 206, 208, 211, 215, 225, 226, 227, 241, 242, 243, 244, 245, 246, 250, 251, 255, 256, 267, 268, 269, 271, 272, 273, 279, 281, 282, 283, 284, 286, 290, 291, 292, 294, 297, 301, 303, 307, 313, 315, 316, 317, 324, 325, 326, 327, 329, 330, 331, 332, 333, 334, 335], "excluded_lines": [], "start_line": 1}}}, "pipeline/ingest/corelogic_scraper.py": {"executed_lines": [9, 10, 11, 12, 13, 15, 16, 18, 19, 20, 21, 23, 24, 26, 31, 34, 60, 91, 126, 161, 220, 260], "summary": {"covered_lines": 22, "num_statements": 114, "percent_covered": 19.29824561403509, "percent_covered_display": "19", "missing_lines": 92, "excluded_lines": 0, "percent_statements_covered": 19.29824561403509, "percent_statements_covered_display": "19"}, "missing_lines": [46, 47, 49, 50, 52, 69, 71, 72, 73, 74, 77, 79, 80, 81, 82, 84, 88, 101, 102, 103, 104, 108, 110, 111, 112, 113, 117, 118, 119, 120, 122, 123, 131, 132, 134, 135, 136, 137, 139, 140, 141, 143, 144, 145, 146, 149, 150, 154, 155, 156, 158, 168, 171, 172, 174, 179, 182, 185, 186, 188, 189, 190, 191, 193, 194, 195, 198, 199, 201, 203, 210, 214, 216, 217, 228, 229, 230, 232, 233, 237, 242, 243, 245, 246, 251, 252, 253, 254, 261, 262, 263, 264], "excluded_lines": [], "functions": {"get_candidate_urls": {"executed_lines": [], "summary": {"covered_lines": 0, "num_statements": 5, "percent_covered": 0.0, "percent_covered_display": "0", "missing_lines": 5, "excluded_lines": 0, "percent_statements_covered": 0.0, "percent_statements_covered_display": "0"}, "missing_lines": [46, 47, 49, 50, 52], "excluded_lines": [], "start_line": 34}, "download_cotality_pdf": {"executed_lines": [], "summary": {"covered_lines": 0, "num_statements": 12, "percent_covered": 0.0, "percent_covered_display": "0", "missing_lines": 12, "excluded_lines": 0, "percent_statements_covered": 0.0, "percent_statements_covered_display": "0"}, "missing_lines": [69, 71, 72, 73, 74, 77, 79, 80, 81, 82, 84, 88], "excluded_lines": [], "start_line": 60}, "extract_cotality_yoy": {"executed_lines": [], "summary": {"covered_lines": 0, "num_statements": 15, "percent_covered": 0.0, "percent_covered_display": "0", "missing_lines": 15, "excluded_lines": 0, "percent_statements_covered": 0.0, "percent_statements_covered_display": "0"}, "missing_lines": [101, 102, 103, 104, 108, 110, 111, 112, 113, 117, 118, 119, 120, 122, 123], "excluded_lines": [], "start_line": 91}, "_current_month_already_scraped": {"executed_lines": [], "summary": {"covered_lines": 0, "num_statements": 19, "percent_covered": 0.0, "percent_covered_display": "0", "missing_lines": 19, "excluded_lines": 0, "percent_statements_covered": 0.0, "percent_statements_covered_display": "0"}, "missing_lines": [131, 132, 134, 135, 136, 137, 139, 140, 141, 143, 144, 145, 146, 149, 150, 154, 155, 156, 158], "excluded_lines": [], "start_line": 126}, "scrape_cotality": {"executed_lines": [], "summary": {"covered_lines": 0, "num_statements": 23, "percent_covered": 0.0, "percent_covered_display": "0", "missing_lines": 23, "excluded_lines": 0, "percent_statements_covered": 0.0, "percent_statements_covered_display": "0"}, "missing_lines": [168, 171, 172, 174, 179, 182, 185, 186, 188, 189, 190, 191, 193, 194, 195, 198, 199, 201, 203, 210, 214, 216, 217], "excluded_lines": [], "start_line": 161}, "fetch_and_save": {"executed_lines": [], "summary": {"covered_lines": 0, "num_statements": 14, "percent_covered": 0.0, "percent_covered_display": "0", "missing_lines": 14, "excluded_lines": 0, "percent_statements_covered": 0.0, "percent_statements_covered_display": "0"}, "missing_lines": [228, 229, 230, 232, 233, 237, 242, 243, 245, 246, 251, 252, 253, 254], "excluded_lines": [], "start_line": 220}, "": {"executed_lines": [9, 10, 11, 12, 13, 15, 16, 18, 19, 20, 21, 23, 24, 26, 31, 34, 60, 91, 126, 161, 220, 260], "summary": {"covered_lines": 22, "num_statements": 26, "percent_covered": 84.61538461538461, "percent_covered_display": "85", "missing_lines": 4, "excluded_lines": 0, "percent_statements_covered": 84.61538461538461, "percent_statements_covered_display": "85"}, "missing_lines": [261, 262, 263, 264], "excluded_lines": [], "start_line": 1}}, "classes": {"": {"executed_lines": [9, 10, 11, 12, 13, 15, 16, 18, 19, 20, 21, 23, 24, 26, 31, 34, 60, 91, 126, 161, 220, 260], "summary": {"covered_lines": 22, "num_statements": 114, "percent_covered": 19.29824561403509, "percent_covered_display": "19", "missing_lines": 92, "excluded_lines": 0, "percent_statements_covered": 19.29824561403509, "percent_statements_covered_display": "19"}, "missing_lines": [46, 47, 49, 50, 52, 69, 71, 72, 73, 74, 77, 79, 80, 81, 82, 84, 88, 101, 102, 103, 104, 108, 110, 111, 112, 113, 117, 118, 119, 120, 122, 123, 131, 132, 134, 135, 136, 137, 139, 140, 141, 143, 144, 145, 146, 149, 150, 154, 155, 156, 158, 168, 171, 172, 174, 179, 182, 185, 186, 188, 189, 190, 191, 193, 194, 195, 198, 199, 201, 203, 210, 214, 216, 217, 228, 229, 230, 232, 233, 237, 242, 243, 245, 246, 251, 252, 253, 254, 261, 262, 263, 264], "excluded_lines": [], "start_line": 1}}}, "pipeline/ingest/nab_scraper.py": {"executed_lines": [10, 11, 12, 13, 14, 16, 17, 18, 20, 21, 22, 23, 25, 27, 28, 30, 36, 45, 63, 92, 104, 120, 134, 157, 180, 261, 352, 381], "summary": {"covered_lines": 28, "num_statements": 203, "percent_covered": 13.793103448275861, "percent_covered_display": "14", "missing_lines": 175, "excluded_lines": 0, "percent_statements_covered": 13.793103448275861, "percent_statements_covered_display": "14"}, "missing_lines": [73, 74, 75, 76, 77, 81, 82, 83, 84, 85, 86, 87, 88, 89, 94, 95, 96, 97, 98, 99, 100, 101, 111, 112, 113, 114, 115, 116, 117, 126, 127, 128, 129, 130, 131, 140, 141, 142, 143, 144, 145, 146, 147, 148, 149, 150, 151, 152, 153, 154, 163, 164, 165, 166, 167, 168, 169, 170, 171, 172, 173, 174, 175, 176, 177, 191, 192, 193, 195, 197, 198, 199, 200, 201, 203, 204, 205, 206, 207, 208, 212, 214, 215, 216, 218, 220, 221, 225, 226, 227, 228, 229, 230, 231, 232, 238, 239, 243, 245, 250, 251, 255, 257, 258, 271, 272, 273, 275, 281, 282, 283, 285, 286, 287, 288, 292, 293, 294, 297, 298, 300, 301, 302, 306, 308, 309, 310, 311, 312, 315, 318, 319, 320, 321, 322, 323, 324, 325, 326, 327, 329, 331, 332, 333, 336, 337, 338, 340, 345, 349, 358, 359, 360, 361, 363, 364, 365, 366, 367, 368, 369, 370, 371, 372, 373, 374, 375, 376, 377, 378, 382, 383, 384, 385, 386], "excluded_lines": [], "functions": {"discover_latest_survey_url": {"executed_lines": [], "summary": {"covered_lines": 0, "num_statements": 14, "percent_covered": 0.0, "percent_covered_display": "0", "missing_lines": 14, "excluded_lines": 0, "percent_statements_covered": 0.0, "percent_statements_covered_display": "0"}, "missing_lines": [73, 74, 75, 76, 77, 81, 82, 83, 84, 85, 86, 87, 88, 89], "excluded_lines": [], "start_line": 63}, "fetch_article": {"executed_lines": [], "summary": {"covered_lines": 0, "num_statements": 8, "percent_covered": 0.0, "percent_covered_display": "0", "missing_lines": 8, "excluded_lines": 0, "percent_statements_covered": 0.0, "percent_statements_covered_display": "0"}, "missing_lines": [94, 95, 96, 97, 98, 99, 100, 101], "excluded_lines": [], "start_line": 92}, "extract_capacity_from_html": {"executed_lines": [], "summary": {"covered_lines": 0, "num_statements": 7, "percent_covered": 0.0, "percent_covered_display": "0", "missing_lines": 7, "excluded_lines": 0, "percent_statements_covered": 0.0, "percent_statements_covered_display": "0"}, "missing_lines": [111, 112, 113, 114, 115, 116, 117], "excluded_lines": [], "start_line": 104}, "get_pdf_link": {"executed_lines": [], "summary": {"covered_lines": 0, "num_statements": 6, "percent_covered": 0.0, "percent_covered_display": "0", "missing_lines": 6, "excluded_lines": 0, "percent_statements_covered": 0.0, "percent_statements_covered_display": "0"}, "missing_lines": [126, 127, 128, 129, 130, 131], "excluded_lines": [], "start_line": 120}, "extract_capacity_from_pdf": {"executed_lines": [], "summary": {"covered_lines": 0, "num_statements": 15, "percent_covered": 0.0, "percent_covered_display": "0", "missing_lines": 15, "excluded_lines": 0, "percent_statements_covered": 0.0, "percent_statements_covered_display": "0"}, "missing_lines": [140, 141, 142, 143, 144, 145, 146, 147, 148, 149, 150, 151, 152, 153, 154], "excluded_lines": [], "start_line": 134}, "_current_month_already_scraped": {"executed_lines": [], "summary": {"covered_lines": 0, "num_statements": 15, "percent_covered": 0.0, "percent_covered_display": "0", "missing_lines": 15, "excluded_lines": 0, "percent_statements_covered": 0.0, "percent_statements_covered_display": "0"}, "missing_lines": [163, 164, 165, 166, 167, 168, 169, 170, 171, 172, 173, 174, 175, 176, 177], "excluded_lines": [], "start_line": 157}, "backfill_nab_history": {"executed_lines": [], "summary": {"covered_lines": 0, "num_statements": 39, "percent_covered": 0.0, "percent_covered_display": "0", "missing_lines": 39, "excluded_lines": 0, "percent_statements_covered": 0.0, "percent_statements_covered_display": "0"}, "missing_lines": [191, 192, 193, 195, 197, 198, 199, 200, 201, 203, 204, 205, 206, 207, 208, 212, 214, 215, 216, 218, 220, 221, 225, 226, 227, 228, 229, 230, 231, 232, 238, 239, 243, 245, 250, 251, 255, 257, 258], "excluded_lines": [], "start_line": 180}, "scrape_nab_capacity": {"executed_lines": [], "summary": {"covered_lines": 0, "num_statements": 46, "percent_covered": 0.0, "percent_covered_display": "0", "missing_lines": 46, "excluded_lines": 0, "percent_statements_covered": 0.0, "percent_statements_covered_display": "0"}, "missing_lines": [271, 272, 273, 275, 281, 282, 283, 285, 286, 287, 288, 292, 293, 294, 297, 298, 300, 301, 302, 306, 308, 309, 310, 311, 312, 315, 318, 319, 320, 321, 322, 323, 324, 325, 326, 327, 329, 331, 332, 333, 336, 337, 338, 340, 345, 349], "excluded_lines": [], "start_line": 261}, "fetch_and_save": {"executed_lines": [], "summary": {"covered_lines": 0, "num_statements": 20, "percent_covered": 0.0, "percent_covered_display": "0", "missing_lines": 20, "excluded_lines": 0, "percent_statements_covered": 0.0, "percent_statements_covered_display": "0"}, "missing_lines": [358, 359, 360, 361, 363, 364, 365, 366, 367, 368, 369, 370, 371, 372, 373, 374, 375, 376, 377, 378], "excluded_lines": [], "start_line": 352}, "": {"executed_lines": [10, 11, 12, 13, 14, 16, 17, 18, 20, 21, 22, 23, 25, 27, 28, 30, 36, 45, 63, 92, 104, 120, 134, 157, 180, 261, 352, 381], "summary": {"covered_lines": 28, "num_statements": 33, "percent_covered": 84.84848484848484, "percent_covered_display": "85", "missing_lines": 5, "excluded_lines": 0, "percent_statements_covered": 84.84848484848484, "percent_statements_covered_display": "85"}, "missing_lines": [382, 383, 384, 385, 386], "excluded_lines": [], "start_line": 1}}, "classes": {"": {"executed_lines": [10, 11, 12, 13, 14, 16, 17, 18, 20, 21, 22, 23, 25, 27, 28, 30, 36, 45, 63, 92, 104, 120, 134, 157, 180, 261, 352, 381], "summary": {"covered_lines": 28, "num_statements": 203, "percent_covered": 13.793103448275861, "percent_covered_display": "14", "missing_lines": 175, "excluded_lines": 0, "percent_statements_covered": 13.793103448275861, "percent_statements_covered_display": "14"}, "missing_lines": [73, 74, 75, 76, 77, 81, 82, 83, 84, 85, 86, 87, 88, 89, 94, 95, 96, 97, 98, 99, 100, 101, 111, 112, 113, 114, 115, 116, 117, 126, 127, 128, 129, 130, 131, 140, 141, 142, 143, 144, 145, 146, 147, 148, 149, 150, 151, 152, 153, 154, 163, 164, 165, 166, 167, 168, 169, 170, 171, 172, 173, 174, 175, 176, 177, 191, 192, 193, 195, 197, 198, 199, 200, 201, 203, 204, 205, 206, 207, 208, 212, 214, 215, 216, 218, 220, 221, 225, 226, 227, 228, 229, 230, 231, 232, 238, 239, 243, 245, 250, 251, 255, 257, 258, 271, 272, 273, 275, 281, 282, 283, 285, 286, 287, 288, 292, 293, 294, 297, 298, 300, 301, 302, 306, 308, 309, 310, 311, 312, 315, 318, 319, 320, 321, 322, 323, 324, 325, 326, 327, 329, 331, 332, 333, 336, 337, 338, 340, 345, 349, 358, 359, 360, 361, 363, 364, 365, 366, 367, 368, 369, 370, 371, 372, 373, 374, 375, 376, 377, 378, 382, 383, 384, 385, 386], "excluded_lines": [], "start_line": 1}}}, "pipeline/ingest/rba_data.py": {"executed_lines": [6, 7, 9, 11, 12, 13, 14, 16, 19, 86, 102], "summary": {"covered_lines": 11, "num_statements": 45, "percent_covered": 24.444444444444443, "percent_covered_display": "24", "missing_lines": 34, "excluded_lines": 0, "percent_statements_covered": 24.444444444444443, "percent_statements_covered_display": "24"}, "missing_lines": [26, 27, 29, 31, 32, 33, 37, 38, 40, 41, 42, 43, 46, 53, 54, 57, 58, 61, 64, 69, 72, 73, 76, 79, 81, 83, 93, 94, 96, 97, 99, 103, 104, 105], "excluded_lines": [], "functions": {"fetch_cash_rate": {"executed_lines": [], "summary": {"covered_lines": 0, "num_statements": 26, "percent_covered": 0.0, "percent_covered_display": "0", "missing_lines": 26, "excluded_lines": 0, "percent_statements_covered": 0.0, "percent_statements_covered_display": "0"}, "missing_lines": [26, 27, 29, 31, 32, 33, 37, 38, 40, 41, 42, 43, 46, 53, 54, 57, 58, 61, 64, 69, 72, 73, 76, 79, 81, 83], "excluded_lines": [], "start_line": 19}, "fetch_and_save": {"executed_lines": [], "summary": {"covered_lines": 0, "num_statements": 5, "percent_covered": 0.0, "percent_covered_display": "0", "missing_lines": 5, "excluded_lines": 0, "percent_statements_covered": 0.0, "percent_statements_covered_display": "0"}, "missing_lines": [93, 94, 96, 97, 99], "excluded_lines": [], "start_line": 86}, "": {"executed_lines": [6, 7, 9, 11, 12, 13, 14, 16, 19, 86, 102], "summary": {"covered_lines": 11, "num_statements": 14, "percent_covered": 78.57142857142857, "percent_covered_display": "79", "missing_lines": 3, "excluded_lines": 0, "percent_statements_covered": 78.57142857142857, "percent_statements_covered_display": "79"}, "missing_lines": [103, 104, 105], "excluded_lines": [], "start_line": 1}}, "classes": {"": {"executed_lines": [6, 7, 9, 11, 12, 13, 14, 16, 19, 86, 102], "summary": {"covered_lines": 11, "num_statements": 45, "percent_covered": 24.444444444444443, "percent_covered_display": "24", "missing_lines": 34, "excluded_lines": 0, "percent_statements_covered": 24.444444444444443, "percent_statements_covered_display": "24"}, "missing_lines": [26, 27, 29, 31, 32, 33, 37, 38, 40, 41, 42, 43, 46, 53, 54, 57, 58, 61, 64, 69, 72, 73, 76, 79, 81, 83, 93, 94, 96, 97, 99, 103, 104, 105], "excluded_lines": [], "start_line": 1}}}, "pipeline/main.py": {"executed_lines": [], "summary": {"covered_lines": 0, "num_statements": 123, "percent_covered": 0.0, "percent_covered_display": "0", "missing_lines": 123, "excluded_lines": 0, "percent_statements_covered": 0.0, "percent_statements_covered_display": "0"}, "missing_lines": [14, 15, 16, 17, 20, 23, 24, 25, 26, 27, 31, 37, 42, 49, 56, 64, 65, 66, 67, 70, 71, 73, 74, 75, 77, 82, 83, 85, 86, 90, 92, 93, 94, 95, 99, 102, 103, 104, 105, 106, 108, 109, 112, 113, 115, 117, 118, 119, 120, 121, 122, 123, 124, 125, 126, 128, 129, 136, 137, 139, 141, 142, 143, 144, 147, 148, 152, 153, 155, 159, 161, 162, 163, 167, 170, 171, 172, 173, 174, 175, 180, 181, 184, 185, 187, 188, 192, 197, 198, 199, 205, 210, 213, 214, 215, 220, 221, 222, 230, 231, 232, 234, 239, 243, 247, 251, 252, 254, 255, 256, 257, 258, 259, 260, 261, 262, 264, 267, 268, 271, 272, 277, 278], "excluded_lines": [], "functions": {"run_pipeline": {"executed_lines": [], "summary": {"covered_lines": 0, "num_statements": 103, "percent_covered": 0.0, "percent_covered_display": "0", "missing_lines": 103, "excluded_lines": 0, "percent_statements_covered": 0.0, "percent_statements_covered_display": "0"}, "missing_lines": [56, 64, 65, 66, 67, 70, 71, 73, 74, 75, 77, 82, 83, 85, 86, 90, 92, 93, 94, 95, 99, 102, 103, 104, 105, 106, 108, 109, 112, 113, 115, 117, 118, 119, 120, 121, 122, 123, 124, 125, 126, 128, 129, 136, 137, 139, 141, 142, 143, 144, 147, 148, 152, 153, 155, 159, 161, 162, 163, 167, 170, 171, 172, 173, 174, 175, 180, 181, 184, 185, 187, 188, 192, 197, 198, 199, 205, 210, 213, 214, 215, 220, 221, 222, 230, 231, 232, 234, 239, 243, 247, 251, 252, 254, 255, 256, 257, 258, 259, 260, 261, 262, 264], "excluded_lines": [], "start_line": 49}, "": {"executed_lines": [], "summary": {"covered_lines": 0, "num_statements": 20, "percent_covered": 0.0, "percent_covered_display": "0", "missing_lines": 20, "excluded_lines": 0, "percent_statements_covered": 0.0, "percent_statements_covered_display": "0"}, "missing_lines": [14, 15, 16, 17, 20, 23, 24, 25, 26, 27, 31, 37, 42, 49, 267, 268, 271, 272, 277, 278], "excluded_lines": [], "start_line": 1}}, "classes": {"": {"executed_lines": [], "summary": {"covered_lines": 0, "num_statements": 123, "percent_covered": 0.0, "percent_covered_display": "0", "missing_lines": 123, "excluded_lines": 0, "percent_statements_covered": 0.0, "percent_statements_covered_display": "0"}, "missing_lines": [14, 15, 16, 17, 20, 23, 24, 25, 26, 27, 31, 37, 42, 49, 56, 64, 65, 66, 67, 70, 71, 73, 74, 75, 77, 82, 83, 85, 86, 90, 92, 93, 94, 95, 99, 102, 103, 104, 105, 106, 108, 109, 112, 113, 115, 117, 118, 119, 120, 121, 122, 123, 124, 125, 126, 128, 129, 136, 137, 139, 141, 142, 143, 144, 147, 148, 152, 153, 155, 159, 161, 162, 163, 167, 170, 171, 172, 173, 174, 175, 180, 181, 184, 185, 187, 188, 192, 197, 198, 199, 205, 210, 213, 214, 215, 220, 221, 222, 230, 231, 232, 234, 239, 243, 247, 251, 252, 254, 255, 256, 257, 258, 259, 260, 261, 262, 264, 267, 268, 271, 272, 277, 278], "excluded_lines": [], "start_line": 1}}}, "pipeline/normalize/__init__.py": {"executed_lines": [], "summary": {"covered_lines": 0, "num_statements": 0, "percent_covered": 100.0, "percent_covered_display": "100", "missing_lines": 0, "excluded_lines": 0, "percent_statements_covered": 100.0, "percent_statements_covered_display": "100"}, "missing_lines": [], "excluded_lines": [], "functions": {"": {"executed_lines": [], "summary": {"covered_lines": 0, "num_statements": 0, "percent_covered": 100.0, "percent_covered_display": "100", "missing_lines": 0, "excluded_lines": 0, "percent_statements_covered": 100.0, "percent_statements_covered_display": "100"}, "missing_lines": [], "excluded_lines": [], "start_line": 1}}, "classes": {"": {"executed_lines": [], "summary": {"covered_lines": 0, "num_statements": 0, "percent_covered": 100.0, "percent_covered_display": "100", "missing_lines": 0, "excluded_lines": 0, "percent_statements_covered": 100.0, "percent_statements_covered_display": "100"}, "missing_lines": [], "excluded_lines": [], "start_line": 1}}}, "pipeline/normalize/engine.py": {"executed_lines": [], "summary": {"covered_lines": 0, "num_statements": 155, "percent_covered": 0.0, "percent_covered_display": "0", "missing_lines": 155, "excluded_lines": 0, "percent_statements_covered": 0.0, "percent_statements_covered_display": "0"}, "missing_lines": [12, 13, 15, 16, 25, 33, 34, 37, 51, 110, 111, 114, 128, 129, 130, 131, 132, 134, 135, 137, 140, 141, 142, 143, 144, 145, 148, 149, 150, 151, 152, 153, 154, 155, 156, 157, 158, 160, 161, 162, 164, 179, 180, 181, 182, 185, 186, 188, 189, 190, 191, 192, 193, 194, 195, 198, 199, 202, 203, 204, 205, 206, 207, 208, 209, 211, 214, 215, 217, 220, 228, 229, 230, 231, 234, 235, 236, 237, 238, 240, 243, 244, 248, 250, 265, 266, 267, 268, 271, 272, 273, 282, 284, 287, 299, 300, 301, 303, 304, 309, 310, 311, 312, 314, 317, 318, 319, 321, 322, 324, 327, 337, 338, 339, 340, 343, 347, 349, 350, 352, 353, 354, 355, 357, 359, 360, 361, 363, 364, 365, 368, 369, 370, 373, 374, 375, 380, 383, 406, 407, 408, 410, 411, 412, 417, 418, 419, 421, 422, 423, 425, 428, 429, 430, 431], "excluded_lines": [], "functions": {"generate_interpretation": {"executed_lines": [], "summary": {"covered_lines": 0, "num_statements": 3, "percent_covered": 0.0, "percent_covered_display": "0", "missing_lines": 3, "excluded_lines": 0, "percent_statements_covered": 0.0, "percent_statements_covered_display": "0"}, "missing_lines": [51, 110, 111], "excluded_lines": [], "start_line": 37}, "build_gauge_entry": {"executed_lines": [], "summary": {"covered_lines": 0, "num_statements": 57, "percent_covered": 0.0, "percent_covered_display": "0", "missing_lines": 57, "excluded_lines": 0, "percent_statements_covered": 0.0, "percent_statements_covered_display": "0"}, "missing_lines": [128, 129, 130, 131, 132, 134, 135, 137, 140, 141, 142, 143, 144, 145, 148, 149, 150, 151, 152, 153, 154, 155, 156, 157, 158, 160, 161, 162, 164, 179, 180, 181, 182, 185, 186, 188, 189, 190, 191, 192, 193, 194, 195, 198, 199, 202, 203, 204, 205, 206, 207, 208, 209, 211, 214, 215, 217], "excluded_lines": [], "start_line": 114}, "build_asx_futures_entry": {"executed_lines": [], "summary": {"covered_lines": 0, "num_statements": 23, "percent_covered": 0.0, "percent_covered_display": "0", "missing_lines": 23, "excluded_lines": 0, "percent_statements_covered": 0.0, "percent_statements_covered_display": "0"}, "missing_lines": [228, 229, 230, 231, 234, 235, 236, 237, 238, 240, 243, 244, 248, 250, 265, 266, 267, 268, 271, 272, 273, 282, 284], "excluded_lines": [], "start_line": 220}, "process_indicator": {"executed_lines": [], "summary": {"covered_lines": 0, "num_statements": 16, "percent_covered": 0.0, "percent_covered_display": "0", "missing_lines": 16, "excluded_lines": 0, "percent_statements_covered": 0.0, "percent_statements_covered_display": "0"}, "missing_lines": [299, 300, 301, 303, 304, 309, 310, 311, 312, 314, 317, 318, 319, 321, 322, 324], "excluded_lines": [], "start_line": 287}, "generate_status": {"executed_lines": [], "summary": {"covered_lines": 0, "num_statements": 40, "percent_covered": 0.0, "percent_covered_display": "0", "missing_lines": 40, "excluded_lines": 0, "percent_statements_covered": 0.0, "percent_statements_covered_display": "0"}, "missing_lines": [337, 338, 339, 340, 343, 347, 349, 350, 352, 353, 354, 355, 357, 359, 360, 361, 363, 364, 365, 368, 369, 370, 373, 374, 375, 380, 383, 406, 407, 408, 410, 411, 412, 417, 418, 419, 421, 422, 423, 425], "excluded_lines": [], "start_line": 327}, "": {"executed_lines": [], "summary": {"covered_lines": 0, "num_statements": 16, "percent_covered": 0.0, "percent_covered_display": "0", "missing_lines": 16, "excluded_lines": 0, "percent_statements_covered": 0.0, "percent_statements_covered_display": "0"}, "missing_lines": [12, 13, 15, 16, 25, 33, 34, 37, 114, 220, 287, 327, 428, 429, 430, 431], "excluded_lines": [], "start_line": 1}}, "classes": {"": {"executed_lines": [], "summary": {"covered_lines": 0, "num_statements": 155, "percent_covered": 0.0, "percent_covered_display": "0", "missing_lines": 155, "excluded_lines": 0, "percent_statements_covered": 0.0, "percent_statements_covered_display": "0"}, "missing_lines": [12, 13, 15, 16, 25, 33, 34, 37, 51, 110, 111, 114, 128, 129, 130, 131, 132, 134, 135, 137, 140, 141, 142, 143, 144, 145, 148, 149, 150, 151, 152, 153, 154, 155, 156, 157, 158, 160, 161, 162, 164, 179, 180, 181, 182, 185, 186, 188, 189, 190, 191, 192, 193, 194, 195, 198, 199, 202, 203, 204, 205, 206, 207, 208, 209, 211, 214, 215, 217, 220, 228, 229, 230, 231, 234, 235, 236, 237, 238, 240, 243, 244, 248, 250, 265, 266, 267, 268, 271, 272, 273, 282, 284, 287, 299, 300, 301, 303, 304, 309, 310, 311, 312, 314, 317, 318, 319, 321, 322, 324, 327, 337, 338, 339, 340, 343, 347, 349, 350, 352, 353, 354, 355, 357, 359, 360, 361, 363, 364, 365, 368, 369, 370, 373, 374, 375, 380, 383, 406, 407, 408, 410, 411, 412, 417, 418, 419, 421, 422, 423, 425, 428, 429, 430, 431], "excluded_lines": [], "start_line": 1}}}, "pipeline/normalize/gauge.py": {"executed_lines": [8, 9, 11, 14, 29, 30, 31, 32, 34, 35, 37, 38, 41, 51, 52, 54, 55, 56, 57, 58, 59, 60, 61, 63, 66, 80, 109, 124, 125, 127, 128, 129, 130, 131, 132, 133, 135, 136, 139, 140, 143, 153, 154, 155, 156, 157, 158, 159, 160, 162], "summary": {"covered_lines": 50, "num_statements": 62, "percent_covered": 80.64516129032258, "percent_covered_display": "81", "missing_lines": 12, "excluded_lines": 0, "percent_statements_covered": 80.64516129032258, "percent_statements_covered_display": "81"}, "missing_lines": [77, 93, 94, 96, 97, 98, 99, 100, 101, 103, 104, 106], "excluded_lines": [], "functions": {"zscore_to_gauge": {"executed_lines": [29, 30, 31, 32, 34, 35, 37, 38], "summary": {"covered_lines": 8, "num_statements": 8, "percent_covered": 100.0, "percent_covered_display": "100", "missing_lines": 0, "excluded_lines": 0, "percent_statements_covered": 100.0, "percent_statements_covered_display": "100"}, "missing_lines": [], "excluded_lines": [], "start_line": 14}, "classify_zone": {"executed_lines": [51, 52, 54, 55, 56, 57, 58, 59, 60, 61, 63], "summary": {"covered_lines": 11, "num_statements": 11, "percent_covered": 100.0, "percent_covered_display": "100", "missing_lines": 0, "excluded_lines": 0, "percent_statements_covered": 100.0, "percent_statements_covered_display": "100"}, "missing_lines": [], "excluded_lines": [], "start_line": 41}, "apply_polarity": {"executed_lines": [], "summary": {"covered_lines": 0, "num_statements": 1, "percent_covered": 0.0, "percent_covered_display": "0", "missing_lines": 1, "excluded_lines": 0, "percent_statements_covered": 0.0, "percent_statements_covered_display": "0"}, "missing_lines": [77], "excluded_lines": [], "start_line": 66}, "load_weights": {"executed_lines": [], "summary": {"covered_lines": 0, "num_statements": 11, "percent_covered": 0.0, "percent_covered_display": "0", "missing_lines": 11, "excluded_lines": 0, "percent_statements_covered": 0.0, "percent_statements_covered_display": "0"}, "missing_lines": [93, 94, 96, 97, 98, 99, 100, 101, 103, 104, 106], "excluded_lines": [], "start_line": 80}, "compute_hawk_score": {"executed_lines": [124, 125, 127, 128, 129, 130, 131, 132, 133, 135, 136, 139, 140], "summary": {"covered_lines": 13, "num_statements": 13, "percent_covered": 100.0, "percent_covered_display": "100", "missing_lines": 0, "excluded_lines": 0, "percent_statements_covered": 100.0, "percent_statements_covered_display": "100"}, "missing_lines": [], "excluded_lines": [], "start_line": 109}, "generate_verdict": {"executed_lines": [153, 154, 155, 156, 157, 158, 159, 160, 162], "summary": {"covered_lines": 9, "num_statements": 9, "percent_covered": 100.0, "percent_covered_display": "100", "missing_lines": 0, "excluded_lines": 0, "percent_statements_covered": 100.0, "percent_statements_covered_display": "100"}, "missing_lines": [], "excluded_lines": [], "start_line": 143}, "": {"executed_lines": [8, 9, 11, 14, 41, 66, 80, 109, 143], "summary": {"covered_lines": 9, "num_statements": 9, "percent_covered": 100.0, "percent_covered_display": "100", "missing_lines": 0, "excluded_lines": 0, "percent_statements_covered": 100.0, "percent_statements_covered_display": "100"}, "missing_lines": [], "excluded_lines": [], "start_line": 1}}, "classes": {"": {"executed_lines": [8, 9, 11, 14, 29, 30, 31, 32, 34, 35, 37, 38, 41, 51, 52, 54, 55, 56, 57, 58, 59, 60, 61, 63, 66, 80, 109, 124, 125, 127, 128, 129, 130, 131, 132, 133, 135, 136, 139, 140, 143, 153, 154, 155, 156, 157, 158, 159, 160, 162], "summary": {"covered_lines": 50, "num_statements": 62, "percent_covered": 80.64516129032258, "percent_covered_display": "81", "missing_lines": 12, "excluded_lines": 0, "percent_statements_covered": 80.64516129032258, "percent_statements_covered_display": "81"}, "missing_lines": [77, 93, 94, 96, 97, 98, 99, 100, 101, 103, 104, 106], "excluded_lines": [], "start_line": 1}}}, "pipeline/normalize/ratios.py": {"executed_lines": [8, 10, 11, 13, 16, 27, 28, 29, 30, 32, 33, 34, 36, 37, 43, 44, 45, 47, 48, 49, 51, 52, 53, 54, 57, 70, 71, 72, 73, 76, 86, 87, 88, 89, 92, 102, 103, 104, 105, 106, 109, 121, 122, 125, 131, 132, 133, 135, 136, 137, 138, 139, 140, 141, 143, 144, 145, 148, 153, 154, 158, 159, 160, 163, 167, 172, 173, 175, 176, 177, 180, 182, 186, 188, 189, 190, 191, 192, 194, 199, 200, 201, 203, 208, 209, 213, 214, 215, 218, 221], "summary": {"covered_lines": 90, "num_statements": 133, "percent_covered": 67.66917293233082, "percent_covered_display": "68", "missing_lines": 43, "excluded_lines": 0, "percent_statements_covered": 67.66917293233082, "percent_statements_covered_display": "68"}, "missing_lines": [38, 39, 40, 123, 168, 169, 183, 184, 195, 196, 204, 205, 238, 239, 240, 241, 243, 244, 245, 247, 248, 249, 250, 251, 253, 254, 255, 258, 259, 262, 265, 266, 270, 271, 273, 275, 277, 280, 281, 284, 285, 286, 295], "excluded_lines": [], "functions": {"load_indicator_csv": {"executed_lines": [27, 28, 29, 30, 32, 33, 34, 36, 37, 43, 44, 45, 47, 48, 49, 51, 52, 53, 54], "summary": {"covered_lines": 19, "num_statements": 22, "percent_covered": 86.36363636363636, "percent_covered_display": "86", "missing_lines": 3, "excluded_lines": 0, "percent_statements_covered": 86.36363636363636, "percent_statements_covered_display": "86"}, "missing_lines": [38, 39, 40], "excluded_lines": [], "start_line": 16}, "compute_yoy_pct_change": {"executed_lines": [70, 71, 72, 73], "summary": {"covered_lines": 4, "num_statements": 4, "percent_covered": 100.0, "percent_covered_display": "100", "missing_lines": 0, "excluded_lines": 0, "percent_statements_covered": 100.0, "percent_statements_covered_display": "100"}, "missing_lines": [], "excluded_lines": [], "start_line": 57}, "resample_to_quarterly": {"executed_lines": [86, 87, 88, 89], "summary": {"covered_lines": 4, "num_statements": 4, "percent_covered": 100.0, "percent_covered_display": "100", "missing_lines": 0, "excluded_lines": 0, "percent_statements_covered": 100.0, "percent_statements_covered_display": "100"}, "missing_lines": [], "excluded_lines": [], "start_line": 76}, "filter_valid_data": {"executed_lines": [102, 103, 104, 105, 106], "summary": {"covered_lines": 5, "num_statements": 5, "percent_covered": 100.0, "percent_covered_display": "100", "missing_lines": 0, "excluded_lines": 0, "percent_statements_covered": 100.0, "percent_statements_covered_display": "100"}, "missing_lines": [], "excluded_lines": [], "start_line": 92}, "normalize_indicator": {"executed_lines": [121, 122, 125, 131, 132, 133, 135, 136, 137, 138, 139, 140, 141, 143, 144, 145, 148, 153, 154, 158, 159, 160, 163, 167, 172, 173, 175, 176, 177, 180, 182, 186, 188, 189, 190, 191, 192, 194, 199, 200, 201, 203, 208, 209, 213, 214, 215, 218], "summary": {"covered_lines": 48, "num_statements": 57, "percent_covered": 84.21052631578948, "percent_covered_display": "84", "missing_lines": 9, "excluded_lines": 0, "percent_statements_covered": 84.21052631578948, "percent_statements_covered_display": "84"}, "missing_lines": [123, 168, 169, 183, 184, 195, 196, 204, 205], "excluded_lines": [], "start_line": 109}, "load_asx_futures_csv": {"executed_lines": [], "summary": {"covered_lines": 0, "num_statements": 31, "percent_covered": 0.0, "percent_covered_display": "0", "missing_lines": 31, "excluded_lines": 0, "percent_statements_covered": 0.0, "percent_statements_covered_display": "0"}, "missing_lines": [238, 239, 240, 241, 243, 244, 245, 247, 248, 249, 250, 251, 253, 254, 255, 258, 259, 262, 265, 266, 270, 271, 273, 275, 277, 280, 281, 284, 285, 286, 295], "excluded_lines": [], "start_line": 221}, "": {"executed_lines": [8, 10, 11, 13, 16, 57, 76, 92, 109, 221], "summary": {"covered_lines": 10, "num_statements": 10, "percent_covered": 100.0, "percent_covered_display": "100", "missing_lines": 0, "excluded_lines": 0, "percent_statements_covered": 100.0, "percent_statements_covered_display": "100"}, "missing_lines": [], "excluded_lines": [], "start_line": 1}}, "classes": {"": {"executed_lines": [8, 10, 11, 13, 16, 27, 28, 29, 30, 32, 33, 34, 36, 37, 43, 44, 45, 47, 48, 49, 51, 52, 53, 54, 57, 70, 71, 72, 73, 76, 86, 87, 88, 89, 92, 102, 103, 104, 105, 106, 109, 121, 122, 125, 131, 132, 133, 135, 136, 137, 138, 139, 140, 141, 143, 144, 145, 148, 153, 154, 158, 159, 160, 163, 167, 172, 173, 175, 176, 177, 180, 182, 186, 188, 189, 190, 191, 192, 194, 199, 200, 201, 203, 208, 209, 213, 214, 215, 218, 221], "summary": {"covered_lines": 90, "num_statements": 133, "percent_covered": 67.66917293233082, "percent_covered_display": "68", "missing_lines": 43, "excluded_lines": 0, "percent_statements_covered": 67.66917293233082, "percent_statements_covered_display": "68"}, "missing_lines": [38, 39, 40, 123, 168, 169, 183, 184, 195, 196, 204, 205, 238, 239, 240, 241, 243, 244, 245, 247, 248, 249, 250, 251, 253, 254, 255, 258, 259, 262, 265, 266, 270, 271, 273, 275, 277, 280, 281, 284, 285, 286, 295], "excluded_lines": [], "start_line": 1}}}, "pipeline/normalize/zscore.py": {"executed_lines": [14, 16, 24, 36, 37, 38, 39, 42, 55, 56, 57, 58, 59, 62, 78, 80, 83, 84, 85, 86, 87, 89, 91, 93, 94, 96, 97, 98, 99, 100, 101, 103, 104, 105, 106, 107, 109, 110, 112, 114, 115, 116, 117, 119, 122, 133, 134, 135, 136, 138], "summary": {"covered_lines": 50, "num_statements": 52, "percent_covered": 96.15384615384616, "percent_covered_display": "96", "missing_lines": 2, "excluded_lines": 0, "percent_statements_covered": 96.15384615384616, "percent_statements_covered_display": "96"}, "missing_lines": [79, 81], "excluded_lines": [], "functions": {"calculate_mad": {"executed_lines": [36, 37, 38, 39], "summary": {"covered_lines": 4, "num_statements": 4, "percent_covered": 100.0, "percent_covered_display": "100", "missing_lines": 0, "excluded_lines": 0, "percent_statements_covered": 100.0, "percent_statements_covered_display": "100"}, "missing_lines": [], "excluded_lines": [], "start_line": 24}, "robust_zscore": {"executed_lines": [55, 56, 57, 58, 59], "summary": {"covered_lines": 5, "num_statements": 5, "percent_covered": 100.0, "percent_covered_display": "100", "missing_lines": 0, "excluded_lines": 0, "percent_statements_covered": 100.0, "percent_statements_covered_display": "100"}, "missing_lines": [], "excluded_lines": [], "start_line": 42}, "compute_rolling_zscores": {"executed_lines": [78, 80, 83, 84, 85, 86, 87, 89, 91, 93, 94, 96, 97, 98, 99, 100, 101, 103, 104, 105, 106, 107, 109, 110, 112, 114, 115, 116, 117, 119], "summary": {"covered_lines": 30, "num_statements": 32, "percent_covered": 93.75, "percent_covered_display": "94", "missing_lines": 2, "excluded_lines": 0, "percent_statements_covered": 93.75, "percent_statements_covered_display": "94"}, "missing_lines": [79, 81], "excluded_lines": [], "start_line": 62}, "determine_confidence": {"executed_lines": [133, 134, 135, 136, 138], "summary": {"covered_lines": 5, "num_statements": 5, "percent_covered": 100.0, "percent_covered_display": "100", "missing_lines": 0, "excluded_lines": 0, "percent_statements_covered": 100.0, "percent_statements_covered_display": "100"}, "missing_lines": [], "excluded_lines": [], "start_line": 122}, "": {"executed_lines": [14, 16, 24, 42, 62, 122], "summary": {"covered_lines": 6, "num_statements": 6, "percent_covered": 100.0, "percent_covered_display": "100", "missing_lines": 0, "excluded_lines": 0, "percent_statements_covered": 100.0, "percent_statements_covered_display": "100"}, "missing_lines": [], "excluded_lines": [], "start_line": 1}}, "classes": {"": {"executed_lines": [14, 16, 24, 36, 37, 38, 39, 42, 55, 56, 57, 58, 59, 62, 78, 80, 83, 84, 85, 86, 87, 89, 91, 93, 94, 96, 97, 98, 99, 100, 101, 103, 104, 105, 106, 107, 109, 110, 112, 114, 115, 116, 117, 119, 122, 133, 134, 135, 136, 138], "summary": {"covered_lines": 50, "num_statements": 52, "percent_covered": 96.15384615384616, "percent_covered_display": "96", "missing_lines": 2, "excluded_lines": 0, "percent_statements_covered": 96.15384615384616, "percent_statements_covered_display": "96"}, "missing_lines": [79, 81], "excluded_lines": [], "start_line": 1}}}, "pipeline/utils/__init__.py": {"executed_lines": [], "summary": {"covered_lines": 0, "num_statements": 0, "percent_covered": 100.0, "percent_covered_display": "100", "missing_lines": 0, "excluded_lines": 0, "percent_statements_covered": 100.0, "percent_statements_covered_display": "100"}, "missing_lines": [], "excluded_lines": [], "functions": {"": {"executed_lines": [], "summary": {"covered_lines": 0, "num_statements": 0, "percent_covered": 100.0, "percent_covered_display": "100", "missing_lines": 0, "excluded_lines": 0, "percent_statements_covered": 100.0, "percent_statements_covered_display": "100"}, "missing_lines": [], "excluded_lines": [], "start_line": 1}}, "classes": {"": {"executed_lines": [], "summary": {"covered_lines": 0, "num_statements": 0, "percent_covered": 100.0, "percent_covered_display": "100", "missing_lines": 0, "excluded_lines": 0, "percent_statements_covered": 100.0, "percent_statements_covered_display": "100"}, "missing_lines": [], "excluded_lines": [], "start_line": 1}}}, "pipeline/utils/csv_handler.py": {"executed_lines": [6, 8, 11, 27, 28, 30, 32, 35, 38, 41, 43, 44, 47, 49, 51, 54, 55, 57, 59], "summary": {"covered_lines": 19, "num_statements": 19, "percent_covered": 100.0, "percent_covered_display": "100", "missing_lines": 0, "excluded_lines": 0, "percent_statements_covered": 100.0, "percent_statements_covered_display": "100"}, "missing_lines": [], "excluded_lines": [], "functions": {"append_to_csv": {"executed_lines": [27, 28, 30, 32, 35, 38, 41, 43, 44, 47, 49, 51, 54, 55, 57, 59], "summary": {"covered_lines": 16, "num_statements": 16, "percent_covered": 100.0, "percent_covered_display": "100", "missing_lines": 0, "excluded_lines": 0, "percent_statements_covered": 100.0, "percent_statements_covered_display": "100"}, "missing_lines": [], "excluded_lines": [], "start_line": 11}, "": {"executed_lines": [6, 8, 11], "summary": {"covered_lines": 3, "num_statements": 3, "percent_covered": 100.0, "percent_covered_display": "100", "missing_lines": 0, "excluded_lines": 0, "percent_statements_covered": 100.0, "percent_statements_covered_display": "100"}, "missing_lines": [], "excluded_lines": [], "start_line": 1}}, "classes": {"": {"executed_lines": [6, 8, 11, 27, 28, 30, 32, 35, 38, 41, 43, 44, 47, 49, 51, 54, 55, 57, 59], "summary": {"covered_lines": 19, "num_statements": 19, "percent_covered": 100.0, "percent_covered_display": "100", "missing_lines": 0, "excluded_lines": 0, "percent_statements_covered": 100.0, "percent_statements_covered_display": "100"}, "missing_lines": [], "excluded_lines": [], "start_line": 1}}}, "pipeline/utils/http_client.py": {"executed_lines": [6, 7, 8, 10, 13], "summary": {"covered_lines": 5, "num_statements": 12, "percent_covered": 41.666666666666664, "percent_covered_display": "42", "missing_lines": 7, "excluded_lines": 0, "percent_statements_covered": 41.666666666666664, "percent_statements_covered_display": "42"}, "missing_lines": [37, 40, 48, 49, 50, 53, 57], "excluded_lines": [], "functions": {"create_session": {"executed_lines": [], "summary": {"covered_lines": 0, "num_statements": 7, "percent_covered": 0.0, "percent_covered_display": "0", "missing_lines": 7, "excluded_lines": 0, "percent_statements_covered": 0.0, "percent_statements_covered_display": "0"}, "missing_lines": [37, 40, 48, 49, 50, 53, 57], "excluded_lines": [], "start_line": 13}, "": {"executed_lines": [6, 7, 8, 10, 13], "summary": {"covered_lines": 5, "num_statements": 5, "percent_covered": 100.0, "percent_covered_display": "100", "missing_lines": 0, "excluded_lines": 0, "percent_statements_covered": 100.0, "percent_statements_covered_display": "100"}, "missing_lines": [], "excluded_lines": [], "start_line": 1}}, "classes": {"": {"executed_lines": [6, 7, 8, 10, 13], "summary": {"covered_lines": 5, "num_statements": 12, "percent_covered": 41.666666666666664, "percent_covered_display": "42", "missing_lines": 7, "excluded_lines": 0, "percent_statements_covered": 41.666666666666664, "percent_statements_covered_display": "42"}, "missing_lines": [37, 40, 48, 49, 50, 53, 57], "excluded_lines": [], "start_line": 1}}}}, "totals": {"covered_lines": 337, "num_statements": 1202, "percent_covered": 28.03660565723794, "percent_covered_display": "28", "missing_lines": 865, "excluded_lines": 0, "percent_statements_covered": 28.03660565723794, "percent_statements_covered_display": "28"}}